{"/home/lucaslacroix/devel/auto-wireit/packages/auto-wireit/src/PluginExecutor.ts": {"path":"/home/lucaslacroix/devel/auto-wireit/packages/auto-wireit/src/PluginExecutor.ts","statementMap":{"0":{"start":{"line":14,"column":16},"end":{"line":14,"column":54}},"1":{"start":{"line":19,"column":23},"end":{"line":19,"column":99}},"2":{"start":{"line":21,"column":15},"end":{"line":21,"column":32}},"3":{"start":{"line":26,"column":100},"end":{"line":26,"column":109}},"4":{"start":{"line":31,"column":15},"end":{"line":31,"column":72}},"5":{"start":{"line":33,"column":33},"end":{"line":33,"column":70}},"6":{"start":{"line":36,"column":8},"end":{"line":38,"column":9}},"7":{"start":{"line":37,"column":12},"end":{"line":37,"column":66}},"8":{"start":{"line":40,"column":8},"end":{"line":44,"column":9}},"9":{"start":{"line":41,"column":12},"end":{"line":41,"column":58}},"10":{"start":{"line":51,"column":8},"end":{"line":53,"column":9}},"11":{"start":{"line":52,"column":12},"end":{"line":52,"column":69}},"12":{"start":{"line":55,"column":54},"end":{"line":55,"column":56}},"13":{"start":{"line":56,"column":48},"end":{"line":56,"column":50}},"14":{"start":{"line":59,"column":8},"end":{"line":59,"column":45}},"15":{"start":{"line":60,"column":8},"end":{"line":72,"column":9}},"16":{"start":{"line":61,"column":12},"end":{"line":63,"column":13}},"17":{"start":{"line":62,"column":16},"end":{"line":62,"column":25}},"18":{"start":{"line":65,"column":28},"end":{"line":65,"column":72}},"19":{"start":{"line":67,"column":12},"end":{"line":71,"column":13}},"20":{"start":{"line":68,"column":16},"end":{"line":70,"column":17}},"21":{"start":{"line":69,"column":20},"end":{"line":69,"column":86}},"22":{"start":{"line":75,"column":8},"end":{"line":75,"column":40}},"23":{"start":{"line":76,"column":8},"end":{"line":84,"column":9}},"24":{"start":{"line":77,"column":12},"end":{"line":79,"column":13}},"25":{"start":{"line":78,"column":16},"end":{"line":78,"column":25}},"26":{"start":{"line":81,"column":28},"end":{"line":81,"column":72}},"27":{"start":{"line":83,"column":12},"end":{"line":83,"column":43}},"28":{"start":{"line":87,"column":8},"end":{"line":87,"column":42}},"29":{"start":{"line":88,"column":8},"end":{"line":107,"column":9}},"30":{"start":{"line":89,"column":27},"end":{"line":89,"column":32}},"31":{"start":{"line":90,"column":12},"end":{"line":102,"column":13}},"32":{"start":{"line":91,"column":16},"end":{"line":91,"column":50}},"33":{"start":{"line":92,"column":16},"end":{"line":92,"column":56}},"34":{"start":{"line":94,"column":16},"end":{"line":101,"column":18}},"35":{"start":{"line":96,"column":39},"end":{"line":96,"column":70}},"36":{"start":{"line":97,"column":24},"end":{"line":97,"column":55}},"37":{"start":{"line":98,"column":24},"end":{"line":98,"column":71}},"38":{"start":{"line":99,"column":24},"end":{"line":99,"column":38}},"39":{"start":{"line":104,"column":12},"end":{"line":106,"column":13}},"40":{"start":{"line":105,"column":16},"end":{"line":105,"column":41}},"41":{"start":{"line":111,"column":8},"end":{"line":111,"column":29}},"42":{"start":{"line":112,"column":8},"end":{"line":112,"column":35}},"43":{"start":{"line":116,"column":8},"end":{"line":118,"column":9}},"44":{"start":{"line":117,"column":12},"end":{"line":117,"column":78}},"45":{"start":{"line":119,"column":8},"end":{"line":119,"column":39}},"46":{"start":{"line":121,"column":40},"end":{"line":152,"column":10}},"47":{"start":{"line":123,"column":16},"end":{"line":127,"column":17}},"48":{"start":{"line":124,"column":20},"end":{"line":126,"column":22}},"49":{"start":{"line":129,"column":16},"end":{"line":129,"column":64}},"50":{"start":{"line":130,"column":16},"end":{"line":130,"column":31}},"51":{"start":{"line":133,"column":16},"end":{"line":137,"column":17}},"52":{"start":{"line":134,"column":20},"end":{"line":136,"column":22}},"53":{"start":{"line":139,"column":32},"end":{"line":139,"column":61}},"54":{"start":{"line":140,"column":16},"end":{"line":140,"column":50}},"55":{"start":{"line":141,"column":16},"end":{"line":141,"column":49}},"56":{"start":{"line":142,"column":16},"end":{"line":142,"column":31}},"57":{"start":{"line":147,"column":16},"end":{"line":147,"column":43}},"58":{"start":{"line":150,"column":16},"end":{"line":150,"column":50}},"59":{"start":{"line":154,"column":8},"end":{"line":154,"column":44}},"60":{"start":{"line":155,"column":8},"end":{"line":155,"column":23}}},"fnMap":{"0":{"name":"(anonymous_0)","decl":{"start":{"line":33,"column":4},"end":{"line":33,"column":33}},"loc":{"start":{"line":33,"column":70},"end":{"line":33,"column":74}}},"1":{"name":"(anonymous_1)","decl":{"start":{"line":35,"column":4},"end":{"line":35,"column":9}},"loc":{"start":{"line":35,"column":29},"end":{"line":45,"column":5}}},"2":{"name":"(anonymous_2)","decl":{"start":{"line":50,"column":4},"end":{"line":50,"column":9}},"loc":{"start":{"line":50,"column":18},"end":{"line":113,"column":5}}},"3":{"name":"(anonymous_3)","decl":{"start":{"line":95,"column":47},"end":{"line":95,"column":48}},"loc":{"start":{"line":95,"column":58},"end":{"line":100,"column":21}}},"4":{"name":"(anonymous_4)","decl":{"start":{"line":122,"column":25},"end":{"line":122,"column":26}},"loc":{"start":{"line":122,"column":34},"end":{"line":131,"column":13}}},"5":{"name":"(anonymous_5)","decl":{"start":{"line":132,"column":23},"end":{"line":132,"column":24}},"loc":{"start":{"line":132,"column":45},"end":{"line":143,"column":13}}},"6":{"name":"(anonymous_6)","decl":{"start":{"line":146,"column":25},"end":{"line":146,"column":26}},"loc":{"start":{"line":146,"column":42},"end":{"line":148,"column":13}}},"7":{"name":"(anonymous_7)","decl":{"start":{"line":149,"column":12},"end":{"line":149,"column":16}},"loc":{"start":{"line":149,"column":26},"end":{"line":151,"column":13}}}},"branchMap":{"0":{"loc":{"start":{"line":36,"column":8},"end":{"line":38,"column":9}},"type":"if","locations":[{"start":{"line":36,"column":8},"end":{"line":38,"column":9}}]},"1":{"loc":{"start":{"line":51,"column":8},"end":{"line":53,"column":9}},"type":"if","locations":[{"start":{"line":51,"column":8},"end":{"line":53,"column":9}}]},"2":{"loc":{"start":{"line":61,"column":12},"end":{"line":63,"column":13}},"type":"if","locations":[{"start":{"line":61,"column":12},"end":{"line":63,"column":13}}]},"3":{"loc":{"start":{"line":77,"column":12},"end":{"line":79,"column":13}},"type":"if","locations":[{"start":{"line":77,"column":12},"end":{"line":79,"column":13}}]},"4":{"loc":{"start":{"line":90,"column":12},"end":{"line":102,"column":13}},"type":"if","locations":[{"start":{"line":90,"column":12},"end":{"line":102,"column":13}},{"start":{"line":93,"column":19},"end":{"line":102,"column":13}}]},"5":{"loc":{"start":{"line":98,"column":35},"end":{"line":98,"column":70}},"type":"binary-expr","locations":[{"start":{"line":98,"column":35},"end":{"line":98,"column":43}},{"start":{"line":98,"column":47},"end":{"line":98,"column":70}}]},"6":{"loc":{"start":{"line":104,"column":12},"end":{"line":106,"column":13}},"type":"if","locations":[{"start":{"line":104,"column":12},"end":{"line":106,"column":13}}]},"7":{"loc":{"start":{"line":116,"column":8},"end":{"line":118,"column":9}},"type":"if","locations":[{"start":{"line":116,"column":8},"end":{"line":118,"column":9}}]},"8":{"loc":{"start":{"line":123,"column":16},"end":{"line":127,"column":17}},"type":"if","locations":[{"start":{"line":123,"column":16},"end":{"line":127,"column":17}}]},"9":{"loc":{"start":{"line":133,"column":16},"end":{"line":137,"column":17}},"type":"if","locations":[{"start":{"line":133,"column":16},"end":{"line":137,"column":17}}]},"10":{"loc":{"start":{"line":139,"column":32},"end":{"line":139,"column":61}},"type":"binary-expr","locations":[{"start":{"line":139,"column":32},"end":{"line":139,"column":55}},{"start":{"line":139,"column":59},"end":{"line":139,"column":61}}]}},"s":{"0":0,"1":0,"2":0,"3":0,"4":0,"5":0,"6":0,"7":0,"8":0,"9":0,"10":0,"11":0,"12":0,"13":0,"14":0,"15":0,"16":0,"17":0,"18":0,"19":0,"20":0,"21":0,"22":0,"23":0,"24":0,"25":0,"26":0,"27":0,"28":0,"29":0,"30":0,"31":0,"32":0,"33":0,"34":0,"35":0,"36":0,"37":0,"38":0,"39":0,"40":0,"41":0,"42":0,"43":0,"44":0,"45":0,"46":0,"47":0,"48":0,"49":0,"50":0,"51":0,"52":0,"53":0,"54":0,"55":0,"56":0,"57":0,"58":0,"59":0,"60":0},"f":{"0":0,"1":0,"2":0,"3":0,"4":0,"5":0,"6":0,"7":0},"b":{"0":[0],"1":[0],"2":[0],"3":[0],"4":[0,0],"5":[0,0],"6":[0],"7":[0],"8":[0],"9":[0],"10":[0,0]}}
,"/home/lucaslacroix/devel/auto-wireit/packages/auto-wireit/src/cli.ts": {"path":"/home/lucaslacroix/devel/auto-wireit/packages/auto-wireit/src/cli.ts","statementMap":{"0":{"start":{"line":4,"column":0},"end":{"line":4,"column":37}}},"fnMap":{},"branchMap":{},"s":{"0":0},"f":{},"b":{}}
,"/home/lucaslacroix/devel/auto-wireit/packages/auto-wireit/src/cli/app.ts": {"path":"/home/lucaslacroix/devel/auto-wireit/packages/auto-wireit/src/cli/app.ts","statementMap":{"0":{"start":{"line":4,"column":19},"end":{"line":8,"column":2}}},"fnMap":{},"branchMap":{},"s":{"0":0},"f":{},"b":{}}
,"/home/lucaslacroix/devel/auto-wireit/packages/auto-wireit/src/cli/update.command.ts": {"path":"/home/lucaslacroix/devel/auto-wireit/packages/auto-wireit/src/cli/update.command.ts","statementMap":{"0":{"start":{"line":4,"column":22},"end":{"line":44,"column":2}},"1":{"start":{"line":15,"column":32},"end":{"line":15,"column":47}},"2":{"start":{"line":21,"column":32},"end":{"line":21,"column":47}},"3":{"start":{"line":32,"column":32},"end":{"line":32,"column":45}},"4":{"start":{"line":36,"column":8},"end":{"line":42,"column":9}},"5":{"start":{"line":37,"column":32},"end":{"line":37,"column":67}},"6":{"start":{"line":38,"column":12},"end":{"line":38,"column":85}},"7":{"start":{"line":40,"column":12},"end":{"line":40,"column":33}},"8":{"start":{"line":41,"column":12},"end":{"line":41,"column":57}}},"fnMap":{"0":{"name":"(anonymous_0)","decl":{"start":{"line":15,"column":26},"end":{"line":15,"column":29}},"loc":{"start":{"line":15,"column":32},"end":{"line":15,"column":47}}},"1":{"name":"(anonymous_1)","decl":{"start":{"line":21,"column":26},"end":{"line":21,"column":29}},"loc":{"start":{"line":21,"column":32},"end":{"line":21,"column":47}}},"2":{"name":"(anonymous_2)","decl":{"start":{"line":32,"column":26},"end":{"line":32,"column":29}},"loc":{"start":{"line":32,"column":32},"end":{"line":32,"column":45}}},"3":{"name":"(anonymous_3)","decl":{"start":{"line":35,"column":13},"end":{"line":35,"column":18}},"loc":{"start":{"line":35,"column":81},"end":{"line":43,"column":5}}}},"branchMap":{},"s":{"0":0,"1":0,"2":0,"3":0,"4":0,"5":0,"6":0,"7":0,"8":0},"f":{"0":0,"1":0,"2":0,"3":0},"b":{}}
,"/home/lucaslacroix/devel/auto-wireit/packages/auto-wireit/src/cli/update.handler.ts": {"path":"/home/lucaslacroix/devel/auto-wireit/packages/auto-wireit/src/cli/update.handler.ts","statementMap":{"0":{"start":{"line":17,"column":19},"end":{"line":17,"column":35}},"1":{"start":{"line":18,"column":4},"end":{"line":18,"column":46}},"2":{"start":{"line":19,"column":20},"end":{"line":19,"column":68}},"3":{"start":{"line":20,"column":16},"end":{"line":20,"column":60}},"4":{"start":{"line":21,"column":24},"end":{"line":21,"column":110}},"5":{"start":{"line":22,"column":19},"end":{"line":22,"column":73}},"6":{"start":{"line":23,"column":20},"end":{"line":23,"column":54}},"7":{"start":{"line":24,"column":19},"end":{"line":24,"column":38}},"8":{"start":{"line":25,"column":32},"end":{"line":25,"column":76}},"9":{"start":{"line":26,"column":4},"end":{"line":26,"column":29}},"10":{"start":{"line":27,"column":4},"end":{"line":27,"column":27}},"11":{"start":{"line":28,"column":20},"end":{"line":28,"column":48}},"12":{"start":{"line":30,"column":4},"end":{"line":44,"column":5}},"13":{"start":{"line":31,"column":8},"end":{"line":31,"column":74}},"14":{"start":{"line":32,"column":8},"end":{"line":36,"column":11}},"15":{"start":{"line":37,"column":8},"end":{"line":37,"column":29}},"16":{"start":{"line":39,"column":8},"end":{"line":41,"column":9}},"17":{"start":{"line":40,"column":12},"end":{"line":40,"column":62}},"18":{"start":{"line":43,"column":8},"end":{"line":43,"column":53}}},"fnMap":{"0":{"name":"handler","decl":{"start":{"line":10,"column":22},"end":{"line":10,"column":29}},"loc":{"start":{"line":16,"column":1},"end":{"line":45,"column":1}}}},"branchMap":{"0":{"loc":{"start":{"line":21,"column":24},"end":{"line":21,"column":110}},"type":"cond-expr","locations":[{"start":{"line":21,"column":54},"end":{"line":21,"column":91}},{"start":{"line":21,"column":94},"end":{"line":21,"column":110}}]},"1":{"loc":{"start":{"line":21,"column":54},"end":{"line":21,"column":91}},"type":"binary-expr","locations":[{"start":{"line":21,"column":54},"end":{"line":21,"column":69}},{"start":{"line":21,"column":74},"end":{"line":21,"column":91}}]},"2":{"loc":{"start":{"line":22,"column":19},"end":{"line":22,"column":73}},"type":"cond-expr","locations":[{"start":{"line":22,"column":44},"end":{"line":22,"column":59}},{"start":{"line":22,"column":62},"end":{"line":22,"column":73}}]},"3":{"loc":{"start":{"line":22,"column":44},"end":{"line":22,"column":59}},"type":"binary-expr","locations":[{"start":{"line":22,"column":44},"end":{"line":22,"column":54}},{"start":{"line":22,"column":58},"end":{"line":22,"column":59}}]},"4":{"loc":{"start":{"line":30,"column":4},"end":{"line":44,"column":5}},"type":"if","locations":[{"start":{"line":30,"column":4},"end":{"line":44,"column":5}},{"start":{"line":42,"column":11},"end":{"line":44,"column":5}}]},"5":{"loc":{"start":{"line":39,"column":8},"end":{"line":41,"column":9}},"type":"if","locations":[{"start":{"line":39,"column":8},"end":{"line":41,"column":9}}]}},"s":{"0":0,"1":0,"2":0,"3":0,"4":0,"5":0,"6":0,"7":0,"8":0,"9":0,"10":0,"11":0,"12":0,"13":0,"14":0,"15":0,"16":0,"17":0,"18":0},"f":{"0":0},"b":{"0":[0,0],"1":[0,0],"2":[0,0],"3":[0,0],"4":[0,0],"5":[0]}}
,"/home/lucaslacroix/devel/auto-wireit/packages/auto-wireit/src/domain/ExitCodes.ts": {"path":"/home/lucaslacroix/devel/auto-wireit/packages/auto-wireit/src/domain/ExitCodes.ts","statementMap":{"0":{"start":{"line":1,"column":0},"end":{"line":1,"column":null}},"1":{"start":{"line":2,"column":4},"end":{"line":2,"column":null}},"2":{"start":{"line":3,"column":4},"end":{"line":3,"column":null}},"3":{"start":{"line":4,"column":4},"end":{"line":4,"column":null}},"4":{"start":{"line":5,"column":4},"end":{"line":5,"column":null}},"5":{"start":{"line":6,"column":4},"end":{"line":6,"column":null}}},"fnMap":{"0":{"name":"(anonymous_0)","decl":{"start":{"line":1,"column":0},"end":{"line":1,"column":6}},"loc":{"start":{"line":1,"column":21},"end":{"line":7,"column":1}}}},"branchMap":{"0":{"loc":{"start":{"line":1,"column":12},"end":{"line":1,"column":null}},"type":"binary-expr","locations":[{"start":{"line":1,"column":12},"end":{"line":1,"column":21}},{"start":{"line":1,"column":12},"end":{"line":1,"column":null}}]}},"s":{"0":0,"1":0,"2":0,"3":0,"4":0,"5":0},"f":{"0":0},"b":{"0":[0,0]}}
,"/home/lucaslacroix/devel/auto-wireit/packages/auto-wireit/src/domain/autoWireitConfigSchema.ts": {"path":"/home/lucaslacroix/devel/auto-wireit/packages/auto-wireit/src/domain/autoWireitConfigSchema.ts","statementMap":{"0":{"start":{"line":4,"column":38},"end":{"line":17,"column":2}}},"fnMap":{},"branchMap":{},"s":{"0":1},"f":{},"b":{}}
,"/home/lucaslacroix/devel/auto-wireit/packages/auto-wireit/src/domain/npmQueryWorkspaceSchema.ts": {"path":"/home/lucaslacroix/devel/auto-wireit/packages/auto-wireit/src/domain/npmQueryWorkspaceSchema.ts","statementMap":{"0":{"start":{"line":4,"column":39},"end":{"line":9,"column":null}}},"fnMap":{},"branchMap":{},"s":{"0":1},"f":{},"b":{}}
,"/home/lucaslacroix/devel/auto-wireit/packages/auto-wireit/src/domain/packageJsonSchema.ts": {"path":"/home/lucaslacroix/devel/auto-wireit/packages/auto-wireit/src/domain/packageJsonSchema.ts","statementMap":{"0":{"start":{"line":3,"column":33},"end":{"line":8,"column":18}}},"fnMap":{},"branchMap":{},"s":{"0":1},"f":{},"b":{}}
,"/home/lucaslacroix/devel/auto-wireit/packages/auto-wireit/src/errors/BaseError.ts": {"path":"/home/lucaslacroix/devel/auto-wireit/packages/auto-wireit/src/errors/BaseError.ts","statementMap":{"0":{"start":{"line":8,"column":8},"end":{"line":8,"column":23}},"1":{"start":{"line":6,"column":24},"end":{"line":6,"column":46}}},"fnMap":{"0":{"name":"(anonymous_0)","decl":{"start":{"line":4,"column":4},"end":{"line":4,"column":null}},"loc":{"start":{"line":6,"column":67},"end":{"line":9,"column":5}}}},"branchMap":{"0":{"loc":{"start":{"line":6,"column":24},"end":{"line":6,"column":67}},"type":"default-arg","locations":[{"start":{"line":6,"column":46},"end":{"line":6,"column":67}}]}},"s":{"0":0,"1":0},"f":{"0":0},"b":{"0":[0]}}
,"/home/lucaslacroix/devel/auto-wireit/packages/auto-wireit/src/errors/FileNotFoundError.ts": {"path":"/home/lucaslacroix/devel/auto-wireit/packages/auto-wireit/src/errors/FileNotFoundError.ts","statementMap":{"0":{"start":{"line":6,"column":8},"end":{"line":6,"column":66}},"1":{"start":{"line":5,"column":32},"end":{"line":5,"column":44}}},"fnMap":{"0":{"name":"(anonymous_0)","decl":{"start":{"line":5,"column":4},"end":{"line":5,"column":32}},"loc":{"start":{"line":5,"column":44},"end":{"line":7,"column":5}}}},"branchMap":{},"s":{"0":0,"1":0},"f":{"0":0},"b":{}}
,"/home/lucaslacroix/devel/auto-wireit/packages/auto-wireit/src/errors/InvalidConfigError.ts": {"path":"/home/lucaslacroix/devel/auto-wireit/packages/auto-wireit/src/errors/InvalidConfigError.ts","statementMap":{"0":{"start":{"line":9,"column":8},"end":{"line":9,"column":89}},"1":{"start":{"line":6,"column":24},"end":{"line":6,"column":36}}},"fnMap":{"0":{"name":"(anonymous_0)","decl":{"start":{"line":5,"column":4},"end":{"line":5,"column":null}},"loc":{"start":{"line":7,"column":23},"end":{"line":10,"column":5}}}},"branchMap":{},"s":{"0":0,"1":0},"f":{"0":0},"b":{}}
,"/home/lucaslacroix/devel/auto-wireit/packages/auto-wireit/src/logging/Verbosity.ts": {"path":"/home/lucaslacroix/devel/auto-wireit/packages/auto-wireit/src/logging/Verbosity.ts","statementMap":{"0":{"start":{"line":1,"column":0},"end":{"line":1,"column":null}},"1":{"start":{"line":2,"column":4},"end":{"line":2,"column":null}},"2":{"start":{"line":3,"column":4},"end":{"line":3,"column":null}},"3":{"start":{"line":4,"column":4},"end":{"line":4,"column":null}}},"fnMap":{"0":{"name":"(anonymous_0)","decl":{"start":{"line":1,"column":0},"end":{"line":1,"column":6}},"loc":{"start":{"line":1,"column":21},"end":{"line":5,"column":1}}}},"branchMap":{"0":{"loc":{"start":{"line":1,"column":12},"end":{"line":1,"column":null}},"type":"binary-expr","locations":[{"start":{"line":1,"column":12},"end":{"line":1,"column":21}},{"start":{"line":1,"column":12},"end":{"line":1,"column":null}}]}},"s":{"0":0,"1":0,"2":0,"3":0},"f":{"0":0},"b":{"0":[0,0]}}
,"/home/lucaslacroix/devel/auto-wireit/packages/auto-wireit/src/plugins/monorepo-dependencies/Plugin.ts": {"path":"/home/lucaslacroix/devel/auto-wireit/packages/auto-wireit/src/plugins/monorepo-dependencies/Plugin.ts","statementMap":{"0":{"start":{"line":20,"column":20},"end":{"line":20,"column":34}},"1":{"start":{"line":23,"column":8},"end":{"line":23,"column":35}},"2":{"start":{"line":24,"column":8},"end":{"line":24,"column":30}},"3":{"start":{"line":28,"column":8},"end":{"line":28,"column":39}},"4":{"start":{"line":32,"column":8},"end":{"line":38,"column":102}},"5":{"start":{"line":36,"column":36},"end":{"line":36,"column":59}},"6":{"start":{"line":38,"column":62},"end":{"line":38,"column":98}},"7":{"start":{"line":47,"column":31},"end":{"line":47,"column":58}},"8":{"start":{"line":49,"column":8},"end":{"line":62,"column":9}},"9":{"start":{"line":52,"column":16},"end":{"line":52,"column":29}},"10":{"start":{"line":56,"column":16},"end":{"line":56,"column":38}},"11":{"start":{"line":58,"column":16},"end":{"line":60,"column":19}},"12":{"start":{"line":61,"column":16},"end":{"line":61,"column":29}},"13":{"start":{"line":66,"column":27},"end":{"line":66,"column":69}},"14":{"start":{"line":67,"column":8},"end":{"line":79,"column":9}},"15":{"start":{"line":69,"column":16},"end":{"line":69,"column":64}},"16":{"start":{"line":71,"column":16},"end":{"line":71,"column":62}},"17":{"start":{"line":73,"column":16},"end":{"line":73,"column":63}},"18":{"start":{"line":75,"column":16},"end":{"line":77,"column":19}},"19":{"start":{"line":78,"column":16},"end":{"line":78,"column":26}},"20":{"start":{"line":83,"column":8},"end":{"line":83,"column":43}},"21":{"start":{"line":87,"column":23},"end":{"line":87,"column":52}},"22":{"start":{"line":88,"column":26},"end":{"line":88,"column":82}},"23":{"start":{"line":89,"column":8},"end":{"line":91,"column":11}},"24":{"start":{"line":90,"column":12},"end":{"line":90,"column":63}},"25":{"start":{"line":95,"column":8},"end":{"line":95,"column":43}},"26":{"start":{"line":99,"column":8},"end":{"line":103,"column":9}},"27":{"start":{"line":100,"column":12},"end":{"line":102,"column":15}},"28":{"start":{"line":111,"column":8},"end":{"line":111,"column":38}},"29":{"start":{"line":112,"column":21},"end":{"line":118,"column":20}},"30":{"start":{"line":120,"column":8},"end":{"line":122,"column":9}},"31":{"start":{"line":121,"column":12},"end":{"line":121,"column":19}},"32":{"start":{"line":124,"column":28},"end":{"line":124,"column":75}},"33":{"start":{"line":125,"column":23},"end":{"line":125,"column":64}},"34":{"start":{"line":126,"column":8},"end":{"line":147,"column":9}},"35":{"start":{"line":128,"column":12},"end":{"line":130,"column":13}},"36":{"start":{"line":129,"column":16},"end":{"line":129,"column":25}},"37":{"start":{"line":134,"column":33},"end":{"line":134,"column":95}},"38":{"start":{"line":135,"column":12},"end":{"line":142,"column":13}},"39":{"start":{"line":136,"column":16},"end":{"line":141,"column":17}},"40":{"start":{"line":137,"column":20},"end":{"line":140,"column":21}},"41":{"start":{"line":138,"column":24},"end":{"line":138,"column":65}},"42":{"start":{"line":139,"column":24},"end":{"line":139,"column":30}},"43":{"start":{"line":144,"column":12},"end":{"line":146,"column":14}}},"fnMap":{"0":{"name":"(anonymous_0)","decl":{"start":{"line":22,"column":4},"end":{"line":22,"column":16}},"loc":{"start":{"line":22,"column":30},"end":{"line":25,"column":5}}},"1":{"name":"(anonymous_1)","decl":{"start":{"line":27,"column":4},"end":{"line":27,"column":8}},"loc":{"start":{"line":27,"column":12},"end":{"line":29,"column":5}}},"2":{"name":"(anonymous_2)","decl":{"start":{"line":31,"column":4},"end":{"line":31,"column":7}},"loc":{"start":{"line":31,"column":31},"end":{"line":39,"column":5}}},"3":{"name":"(anonymous_3)","decl":{"start":{"line":36,"column":26},"end":{"line":36,"column":27}},"loc":{"start":{"line":36,"column":36},"end":{"line":36,"column":59}}},"4":{"name":"(anonymous_4)","decl":{"start":{"line":38,"column":52},"end":{"line":38,"column":53}},"loc":{"start":{"line":38,"column":62},"end":{"line":38,"column":98}}},"5":{"name":"(anonymous_5)","decl":{"start":{"line":89,"column":29},"end":{"line":89,"column":30}},"loc":{"start":{"line":89,"column":37},"end":{"line":91,"column":9}}}},"branchMap":{"0":{"loc":{"start":{"line":49,"column":8},"end":{"line":62,"column":9}},"type":"switch","locations":[{"start":{"line":50,"column":12},"end":{"line":52,"column":29}},{"start":{"line":53,"column":12},"end":{"line":53,"column":25}},{"start":{"line":54,"column":12},"end":{"line":54,"column":23}},{"start":{"line":55,"column":12},"end":{"line":56,"column":38}},{"start":{"line":57,"column":12},"end":{"line":61,"column":29}}]},"1":{"loc":{"start":{"line":67,"column":8},"end":{"line":79,"column":9}},"type":"switch","locations":[{"start":{"line":68,"column":12},"end":{"line":69,"column":64}},{"start":{"line":70,"column":12},"end":{"line":71,"column":62}},{"start":{"line":72,"column":12},"end":{"line":73,"column":63}},{"start":{"line":74,"column":12},"end":{"line":78,"column":26}}]},"2":{"loc":{"start":{"line":99,"column":8},"end":{"line":103,"column":9}},"type":"if","locations":[{"start":{"line":99,"column":8},"end":{"line":103,"column":9}}]},"3":{"loc":{"start":{"line":113,"column":27},"end":{"line":113,"column":57}},"type":"binary-expr","locations":[{"start":{"line":113,"column":27},"end":{"line":113,"column":51}},{"start":{"line":113,"column":55},"end":{"line":113,"column":57}}]},"4":{"loc":{"start":{"line":114,"column":27},"end":{"line":114,"column":60}},"type":"binary-expr","locations":[{"start":{"line":114,"column":27},"end":{"line":114,"column":54}},{"start":{"line":114,"column":58},"end":{"line":114,"column":60}}]},"5":{"loc":{"start":{"line":120,"column":8},"end":{"line":122,"column":9}},"type":"if","locations":[{"start":{"line":120,"column":8},"end":{"line":122,"column":9}}]},"6":{"loc":{"start":{"line":124,"column":50},"end":{"line":124,"column":75}},"type":"binary-expr","locations":[{"start":{"line":124,"column":50},"end":{"line":124,"column":69}},{"start":{"line":124,"column":73},"end":{"line":124,"column":75}}]},"7":{"loc":{"start":{"line":128,"column":12},"end":{"line":130,"column":13}},"type":"if","locations":[{"start":{"line":128,"column":12},"end":{"line":130,"column":13}}]},"8":{"loc":{"start":{"line":134,"column":33},"end":{"line":134,"column":95}},"type":"binary-expr","locations":[{"start":{"line":134,"column":33},"end":{"line":134,"column":73}},{"start":{"line":134,"column":77},"end":{"line":134,"column":95}}]},"9":{"loc":{"start":{"line":135,"column":12},"end":{"line":142,"column":13}},"type":"if","locations":[{"start":{"line":135,"column":12},"end":{"line":142,"column":13}}]},"10":{"loc":{"start":{"line":137,"column":20},"end":{"line":140,"column":21}},"type":"if","locations":[{"start":{"line":137,"column":20},"end":{"line":140,"column":21}}]}},"s":{"0":1,"1":1,"2":1,"3":1,"4":0,"5":0,"6":0,"7":0,"8":0,"9":0,"10":0,"11":0,"12":0,"13":0,"14":0,"15":0,"16":0,"17":0,"18":0,"19":0,"20":0,"21":0,"22":0,"23":0,"24":0,"25":0,"26":0,"27":0,"28":0,"29":0,"30":0,"31":0,"32":0,"33":0,"34":0,"35":0,"36":0,"37":0,"38":0,"39":0,"40":0,"41":0,"42":0,"43":0},"f":{"0":1,"1":1,"2":0,"3":0,"4":0,"5":0},"b":{"0":[0,0,0,0,0],"1":[0,0,0,0],"2":[0],"3":[0,0],"4":[0,0],"5":[0],"6":[0,0],"7":[0],"8":[0,0],"9":[0],"10":[0]}}
,"/home/lucaslacroix/devel/auto-wireit/packages/auto-wireit/src/plugins/monorepo-dependencies/configSchema.ts": {"path":"/home/lucaslacroix/devel/auto-wireit/packages/auto-wireit/src/plugins/monorepo-dependencies/configSchema.ts","statementMap":{"0":{"start":{"line":3,"column":28},"end":{"line":14,"column":2}}},"fnMap":{},"branchMap":{},"s":{"0":1},"f":{},"b":{}}
,"/home/lucaslacroix/devel/auto-wireit/packages/auto-wireit/src/plugins/typescript/Plugin.ts": {"path":"/home/lucaslacroix/devel/auto-wireit/packages/auto-wireit/src/plugins/typescript/Plugin.ts","statementMap":{"0":{"start":{"line":15,"column":8},"end":{"line":15,"column":35}},"1":{"start":{"line":16,"column":8},"end":{"line":16,"column":30}},"2":{"start":{"line":20,"column":8},"end":{"line":20,"column":28}},"3":{"start":{"line":24,"column":22},"end":{"line":30,"column":34}},"4":{"start":{"line":32,"column":24},"end":{"line":34,"column":34}},"5":{"start":{"line":36,"column":22},"end":{"line":36,"column":48}},"6":{"start":{"line":39,"column":30},"end":{"line":39,"column":102}},"7":{"start":{"line":40,"column":8},"end":{"line":42,"column":9}},"8":{"start":{"line":41,"column":12},"end":{"line":41,"column":65}},"9":{"start":{"line":44,"column":19},"end":{"line":44,"column":32}},"10":{"start":{"line":45,"column":8},"end":{"line":72,"column":9}},"11":{"start":{"line":47,"column":12},"end":{"line":47,"column":65}},"12":{"start":{"line":48,"column":33},"end":{"line":48,"column":73}},"13":{"start":{"line":50,"column":12},"end":{"line":52,"column":13}},"14":{"start":{"line":51,"column":16},"end":{"line":51,"column":22}},"15":{"start":{"line":54,"column":41},"end":{"line":54,"column":52}},"16":{"start":{"line":55,"column":12},"end":{"line":60,"column":13}},"17":{"start":{"line":56,"column":16},"end":{"line":58,"column":18}},"18":{"start":{"line":59,"column":16},"end":{"line":59,"column":22}},"19":{"start":{"line":62,"column":12},"end":{"line":64,"column":13}},"20":{"start":{"line":63,"column":16},"end":{"line":63,"column":22}},"21":{"start":{"line":66,"column":39},"end":{"line":66,"column":118}},"22":{"start":{"line":67,"column":12},"end":{"line":69,"column":13}},"23":{"start":{"line":68,"column":16},"end":{"line":68,"column":22}},"24":{"start":{"line":71,"column":12},"end":{"line":71,"column":38}},"25":{"start":{"line":74,"column":8},"end":{"line":77,"column":87}}},"fnMap":{"0":{"name":"(anonymous_0)","decl":{"start":{"line":14,"column":4},"end":{"line":14,"column":16}},"loc":{"start":{"line":14,"column":30},"end":{"line":17,"column":5}}},"1":{"name":"(anonymous_1)","decl":{"start":{"line":19,"column":4},"end":{"line":19,"column":8}},"loc":{"start":{"line":19,"column":12},"end":{"line":21,"column":5}}},"2":{"name":"(anonymous_2)","decl":{"start":{"line":23,"column":4},"end":{"line":23,"column":9}},"loc":{"start":{"line":23,"column":37},"end":{"line":78,"column":5}}}},"branchMap":{"0":{"loc":{"start":{"line":40,"column":8},"end":{"line":42,"column":9}},"type":"if","locations":[{"start":{"line":40,"column":8},"end":{"line":42,"column":9}}]},"1":{"loc":{"start":{"line":50,"column":12},"end":{"line":52,"column":13}},"type":"if","locations":[{"start":{"line":50,"column":12},"end":{"line":52,"column":13}}]},"2":{"loc":{"start":{"line":50,"column":16},"end":{"line":50,"column":78}},"type":"binary-expr","locations":[{"start":{"line":50,"column":16},"end":{"line":50,"column":39}},{"start":{"line":50,"column":43},"end":{"line":50,"column":55}},{"start":{"line":50,"column":59},"end":{"line":50,"column":78}}]},"3":{"loc":{"start":{"line":55,"column":12},"end":{"line":60,"column":13}},"type":"if","locations":[{"start":{"line":55,"column":12},"end":{"line":60,"column":13}}]},"4":{"loc":{"start":{"line":62,"column":12},"end":{"line":64,"column":13}},"type":"if","locations":[{"start":{"line":62,"column":12},"end":{"line":64,"column":13}}]},"5":{"loc":{"start":{"line":67,"column":12},"end":{"line":69,"column":13}},"type":"if","locations":[{"start":{"line":67,"column":12},"end":{"line":69,"column":13}}]}},"s":{"0":0,"1":0,"2":0,"3":0,"4":0,"5":0,"6":0,"7":0,"8":0,"9":0,"10":0,"11":0,"12":0,"13":0,"14":0,"15":0,"16":0,"17":0,"18":0,"19":0,"20":0,"21":0,"22":0,"23":0,"24":0,"25":0},"f":{"0":0,"1":0,"2":0},"b":{"0":[0],"1":[0],"2":[0,0,0],"3":[0],"4":[0],"5":[0]}}
,"/home/lucaslacroix/devel/auto-wireit/packages/auto-wireit/src/plugins/typescript/configSchema.ts": {"path":"/home/lucaslacroix/devel/auto-wireit/packages/auto-wireit/src/plugins/typescript/configSchema.ts","statementMap":{"0":{"start":{"line":3,"column":28},"end":{"line":7,"column":2}}},"fnMap":{},"branchMap":{},"s":{"0":0},"f":{},"b":{}}
,"/home/lucaslacroix/devel/auto-wireit/packages/auto-wireit/src/steps/LoadConfig.ts": {"path":"/home/lucaslacroix/devel/auto-wireit/packages/auto-wireit/src/steps/LoadConfig.ts","statementMap":{"0":{"start":{"line":17,"column":19},"end":{"line":19,"column":null}},"1":{"start":{"line":22,"column":8},"end":{"line":24,"column":9}},"2":{"start":{"line":23,"column":12},"end":{"line":23,"column":74}},"3":{"start":{"line":26,"column":23},"end":{"line":26,"column":47}},"4":{"start":{"line":27,"column":24},"end":{"line":27,"column":51}},"5":{"start":{"line":28,"column":21},"end":{"line":28,"column":44}},"6":{"start":{"line":30,"column":8},"end":{"line":32,"column":9}},"7":{"start":{"line":31,"column":12},"end":{"line":31,"column":35}},"8":{"start":{"line":34,"column":8},"end":{"line":34,"column":31}},"9":{"start":{"line":38,"column":29},"end":{"line":38,"column":47}},"10":{"start":{"line":40,"column":8},"end":{"line":42,"column":9}},"11":{"start":{"line":41,"column":12},"end":{"line":41,"column":114}},"12":{"start":{"line":44,"column":25},"end":{"line":44,"column":77}},"13":{"start":{"line":45,"column":8},"end":{"line":47,"column":9}},"14":{"start":{"line":46,"column":12},"end":{"line":46,"column":74}},"15":{"start":{"line":49,"column":43},"end":{"line":49,"column":56}},"16":{"start":{"line":51,"column":8},"end":{"line":59,"column":9}},"17":{"start":{"line":52,"column":12},"end":{"line":56,"column":14}},"18":{"start":{"line":54,"column":46},"end":{"line":54,"column":106}},"19":{"start":{"line":57,"column":15},"end":{"line":59,"column":9}},"20":{"start":{"line":58,"column":12},"end":{"line":58,"column":72}},"21":{"start":{"line":61,"column":8},"end":{"line":61,"column":22}},"22":{"start":{"line":65,"column":24},"end":{"line":65,"column":58}},"23":{"start":{"line":66,"column":8},"end":{"line":66,"column":27}},"24":{"start":{"line":16,"column":10},"end":{"line":35,"column":null}}},"fnMap":{"0":{"name":"(anonymous_0)","decl":{"start":{"line":16,"column":4},"end":{"line":16,"column":9}},"loc":{"start":{"line":16,"column":55},"end":{"line":35,"column":5}}},"1":{"name":"(anonymous_1)","decl":{"start":{"line":54,"column":16},"end":{"line":54,"column":21}},"loc":{"start":{"line":54,"column":46},"end":{"line":54,"column":106}}}},"branchMap":{"0":{"loc":{"start":{"line":22,"column":8},"end":{"line":24,"column":9}},"type":"if","locations":[{"start":{"line":22,"column":8},"end":{"line":24,"column":9}}]},"1":{"loc":{"start":{"line":40,"column":8},"end":{"line":42,"column":9}},"type":"if","locations":[{"start":{"line":40,"column":8},"end":{"line":42,"column":9}}]},"2":{"loc":{"start":{"line":40,"column":12},"end":{"line":40,"column":109}},"type":"binary-expr","locations":[{"start":{"line":40,"column":12},"end":{"line":40,"column":35}},{"start":{"line":40,"column":39},"end":{"line":40,"column":51}},{"start":{"line":40,"column":55},"end":{"line":40,"column":73}},{"start":{"line":40,"column":77},"end":{"line":40,"column":109}}]},"3":{"loc":{"start":{"line":45,"column":8},"end":{"line":47,"column":9}},"type":"if","locations":[{"start":{"line":45,"column":8},"end":{"line":47,"column":9}}]},"4":{"loc":{"start":{"line":51,"column":8},"end":{"line":59,"column":9}},"type":"if","locations":[{"start":{"line":51,"column":8},"end":{"line":59,"column":9}},{"start":{"line":57,"column":15},"end":{"line":59,"column":9}}]},"5":{"loc":{"start":{"line":57,"column":15},"end":{"line":59,"column":9}},"type":"if","locations":[{"start":{"line":57,"column":15},"end":{"line":59,"column":9}}]}},"s":{"0":0,"1":0,"2":0,"3":0,"4":0,"5":0,"6":0,"7":0,"8":0,"9":0,"10":0,"11":0,"12":0,"13":0,"14":0,"15":0,"16":0,"17":0,"18":0,"19":0,"20":0,"21":0,"22":0,"23":0,"24":0},"f":{"0":0,"1":0},"b":{"0":[0],"1":[0],"2":[0,0,0,0],"3":[0],"4":[0,0],"5":[0]}}
,"/home/lucaslacroix/devel/auto-wireit/packages/auto-wireit/src/steps/LoadPackageJson.ts": {"path":"/home/lucaslacroix/devel/auto-wireit/packages/auto-wireit/src/steps/LoadPackageJson.ts","statementMap":{"0":{"start":{"line":13,"column":22},"end":{"line":13,"column":38}},"1":{"start":{"line":14,"column":8},"end":{"line":16,"column":9}},"2":{"start":{"line":15,"column":12},"end":{"line":15,"column":46}},"3":{"start":{"line":18,"column":25},"end":{"line":18,"column":68}},"4":{"start":{"line":19,"column":33},"end":{"line":19,"column":55}},"5":{"start":{"line":20,"column":8},"end":{"line":24,"column":10}},"6":{"start":{"line":12,"column":10},"end":{"line":25,"column":null}}},"fnMap":{"0":{"name":"(anonymous_0)","decl":{"start":{"line":12,"column":4},"end":{"line":12,"column":9}},"loc":{"start":{"line":12,"column":30},"end":{"line":25,"column":5}}}},"branchMap":{"0":{"loc":{"start":{"line":14,"column":8},"end":{"line":16,"column":9}},"type":"if","locations":[{"start":{"line":14,"column":8},"end":{"line":16,"column":9}}]}},"s":{"0":0,"1":0,"2":0,"3":0,"4":0,"5":0,"6":0},"f":{"0":0},"b":{"0":[0]}}
,"/home/lucaslacroix/devel/auto-wireit/packages/auto-wireit/src/steps/WritePackageJson.ts": {"path":"/home/lucaslacroix/devel/auto-wireit/packages/auto-wireit/src/steps/WritePackageJson.ts","statementMap":{"0":{"start":{"line":9,"column":8},"end":{"line":9,"column":30}},"1":{"start":{"line":17,"column":23},"end":{"line":17,"column":75}},"2":{"start":{"line":18,"column":8},"end":{"line":20,"column":9}},"3":{"start":{"line":19,"column":12},"end":{"line":19,"column":42}},"4":{"start":{"line":13,"column":10},"end":{"line":21,"column":null}}},"fnMap":{"0":{"name":"(anonymous_0)","decl":{"start":{"line":8,"column":4},"end":{"line":8,"column":16}},"loc":{"start":{"line":8,"column":61},"end":{"line":10,"column":5}}},"1":{"name":"(anonymous_1)","decl":{"start":{"line":13,"column":4},"end":{"line":13,"column":9}},"loc":{"start":{"line":15,"column":96},"end":{"line":21,"column":5}}}},"branchMap":{"0":{"loc":{"start":{"line":8,"column":16},"end":{"line":8,"column":61}},"type":"default-arg","locations":[{"start":{"line":8,"column":59},"end":{"line":8,"column":61}}]},"1":{"loc":{"start":{"line":8,"column":18},"end":{"line":8,"column":32}},"type":"default-arg","locations":[{"start":{"line":8,"column":27},"end":{"line":8,"column":32}}]},"2":{"loc":{"start":{"line":18,"column":8},"end":{"line":20,"column":9}},"type":"if","locations":[{"start":{"line":18,"column":8},"end":{"line":20,"column":9}}]}},"s":{"0":0,"1":0,"2":0,"3":0,"4":0},"f":{"0":0,"1":0},"b":{"0":[0],"1":[0],"2":[0]}}
,"/home/lucaslacroix/devel/auto-wireit/packages/auto-wireit/src/util/JsonReader.ts": {"path":"/home/lucaslacroix/devel/auto-wireit/packages/auto-wireit/src/util/JsonReader.ts","statementMap":{"0":{"start":{"line":8,"column":25},"end":{"line":8,"column":54}},"1":{"start":{"line":9,"column":29},"end":{"line":9,"column":49}},"2":{"start":{"line":10,"column":8},"end":{"line":12,"column":9}},"3":{"start":{"line":11,"column":12},"end":{"line":11,"column":47}},"4":{"start":{"line":14,"column":8},"end":{"line":14,"column":19}},"5":{"start":{"line":7,"column":10},"end":{"line":15,"column":null}}},"fnMap":{"0":{"name":"(anonymous_0)","decl":{"start":{"line":7,"column":4},"end":{"line":7,"column":9}},"loc":{"start":{"line":7,"column":86},"end":{"line":15,"column":5}}}},"branchMap":{"0":{"loc":{"start":{"line":10,"column":8},"end":{"line":12,"column":9}},"type":"if","locations":[{"start":{"line":10,"column":8},"end":{"line":12,"column":9}}]}},"s":{"0":0,"1":0,"2":0,"3":0,"4":0,"5":0},"f":{"0":0},"b":{"0":[0]}}
,"/home/lucaslacroix/devel/auto-wireit/packages/auto-wireit/src/util/Logger.ts": {"path":"/home/lucaslacroix/devel/auto-wireit/packages/auto-wireit/src/util/Logger.ts","statementMap":{"0":{"start":{"line":8,"column":8},"end":{"line":10,"column":9}},"1":{"start":{"line":9,"column":12},"end":{"line":9,"column":37}},"2":{"start":{"line":11,"column":8},"end":{"line":11,"column":25}},"3":{"start":{"line":17,"column":8},"end":{"line":17,"column":51}},"4":{"start":{"line":21,"column":8},"end":{"line":21,"column":51}},"5":{"start":{"line":25,"column":8},"end":{"line":25,"column":51}},"6":{"start":{"line":29,"column":8},"end":{"line":29,"column":51}},"7":{"start":{"line":33,"column":8},"end":{"line":33,"column":51}}},"fnMap":{"0":{"name":"(anonymous_0)","decl":{"start":{"line":7,"column":4},"end":{"line":7,"column":10}},"loc":{"start":{"line":7,"column":24},"end":{"line":12,"column":5}}},"1":{"name":"(anonymous_1)","decl":{"start":{"line":14,"column":4},"end":{"line":14,"column":27}},"loc":{"start":{"line":14,"column":4},"end":{"line":14,"column":28}}},"2":{"name":"(anonymous_2)","decl":{"start":{"line":16,"column":4},"end":{"line":16,"column":9}},"loc":{"start":{"line":16,"column":57},"end":{"line":18,"column":5}}},"3":{"name":"(anonymous_3)","decl":{"start":{"line":20,"column":4},"end":{"line":20,"column":9}},"loc":{"start":{"line":20,"column":57},"end":{"line":22,"column":5}}},"4":{"name":"(anonymous_4)","decl":{"start":{"line":24,"column":4},"end":{"line":24,"column":8}},"loc":{"start":{"line":24,"column":56},"end":{"line":26,"column":5}}},"5":{"name":"(anonymous_5)","decl":{"start":{"line":28,"column":4},"end":{"line":28,"column":7}},"loc":{"start":{"line":28,"column":78},"end":{"line":30,"column":5}}},"6":{"name":"(anonymous_6)","decl":{"start":{"line":32,"column":4},"end":{"line":32,"column":8}},"loc":{"start":{"line":32,"column":56},"end":{"line":34,"column":5}}}},"branchMap":{"0":{"loc":{"start":{"line":8,"column":8},"end":{"line":10,"column":9}},"type":"if","locations":[{"start":{"line":8,"column":8},"end":{"line":10,"column":9}}]}},"s":{"0":0,"1":0,"2":0,"3":0,"4":0,"5":0,"6":0,"7":0},"f":{"0":0,"1":0,"2":0,"3":0,"4":0,"5":0,"6":0},"b":{"0":[0]}}
,"/home/lucaslacroix/devel/auto-wireit/packages/auto-wireit/src/util/ReadonlyProxy.ts": {"path":"/home/lucaslacroix/devel/auto-wireit/packages/auto-wireit/src/util/ReadonlyProxy.ts","statementMap":{"0":{"start":{"line":4,"column":4},"end":{"line":11,"column":37}},"1":{"start":{"line":6,"column":12},"end":{"line":6,"column":46}},"2":{"start":{"line":9,"column":12},"end":{"line":9,"column":90}}},"fnMap":{"0":{"name":"ReadonlyProxy","decl":{"start":{"line":3,"column":16},"end":{"line":3,"column":29}},"loc":{"start":{"line":3,"column":57},"end":{"line":12,"column":1}}},"1":{"name":"(anonymous_1)","decl":{"start":{"line":5,"column":8},"end":{"line":5,"column":11}},"loc":{"start":{"line":5,"column":16},"end":{"line":7,"column":9}}},"2":{"name":"(anonymous_2)","decl":{"start":{"line":8,"column":8},"end":{"line":8,"column":11}},"loc":{"start":{"line":8,"column":17},"end":{"line":10,"column":9}}}},"branchMap":{},"s":{"0":0,"1":0,"2":0},"f":{"0":0,"1":0,"2":0},"b":{}}
,"/home/lucaslacroix/devel/auto-wireit/packages/auto-wireit/src/util/WorkingDir.ts": {"path":"/home/lucaslacroix/devel/auto-wireit/packages/auto-wireit/src/util/WorkingDir.ts","statementMap":{"0":{"start":{"line":2,"column":11},"end":{"line":2,"column":24}},"1":{"start":{"line":4,"column":23},"end":{"line":4,"column":39}},"2":{"start":{"line":9,"column":8},"end":{"line":9,"column":24}},"3":{"start":{"line":13,"column":8},"end":{"line":13,"column":25}}},"fnMap":{"0":{"name":"(anonymous_0)","decl":{"start":{"line":6,"column":4},"end":{"line":6,"column":27}},"loc":{"start":{"line":6,"column":4},"end":{"line":6,"column":28}}},"1":{"name":"(anonymous_1)","decl":{"start":{"line":8,"column":4},"end":{"line":8,"column":7}},"loc":{"start":{"line":8,"column":19},"end":{"line":10,"column":5}}},"2":{"name":"(anonymous_2)","decl":{"start":{"line":12,"column":4},"end":{"line":12,"column":7}},"loc":{"start":{"line":12,"column":7},"end":{"line":14,"column":5}}}},"branchMap":{},"s":{"0":0,"1":0,"2":0,"3":0},"f":{"0":0,"1":0,"2":0},"b":{}}
,"/home/lucaslacroix/devel/auto-wireit/packages/auto-wireit/src/util/format.ts": {"path":"/home/lucaslacroix/devel/auto-wireit/packages/auto-wireit/src/util/format.ts","statementMap":{"0":{"start":{"line":2,"column":4},"end":{"line":48,"column":7}},"1":{"start":{"line":3,"column":19},"end":{"line":3,"column":20}},"2":{"start":{"line":4,"column":40},"end":{"line":4,"column":48}},"3":{"start":{"line":5,"column":8},"end":{"line":16,"column":9}},"4":{"start":{"line":7,"column":16},"end":{"line":7,"column":32}},"5":{"start":{"line":10,"column":16},"end":{"line":12,"column":17}},"6":{"start":{"line":11,"column":20},"end":{"line":11,"column":56}},"7":{"start":{"line":13,"column":16},"end":{"line":13,"column":22}},"8":{"start":{"line":15,"column":16},"end":{"line":15,"column":39}},"9":{"start":{"line":18,"column":8},"end":{"line":20,"column":9}},"10":{"start":{"line":19,"column":12},"end":{"line":19,"column":25}},"11":{"start":{"line":22,"column":20},"end":{"line":22,"column":30}},"12":{"start":{"line":23,"column":8},"end":{"line":40,"column":9}},"13":{"start":{"line":29,"column":16},"end":{"line":29,"column":22}},"14":{"start":{"line":31,"column":16},"end":{"line":31,"column":36}},"15":{"start":{"line":33,"column":16},"end":{"line":35,"column":17}},"16":{"start":{"line":34,"column":20},"end":{"line":34,"column":34}},"17":{"start":{"line":36,"column":16},"end":{"line":36,"column":22}},"18":{"start":{"line":39,"column":16},"end":{"line":39,"column":35}},"19":{"start":{"line":42,"column":8},"end":{"line":47,"column":9}},"20":{"start":{"line":44,"column":16},"end":{"line":44,"column":43}},"21":{"start":{"line":46,"column":16},"end":{"line":46,"column":38}}},"fnMap":{"0":{"name":"format","decl":{"start":{"line":1,"column":16},"end":{"line":1,"column":22}},"loc":{"start":{"line":1,"column":52},"end":{"line":49,"column":1}}},"1":{"name":"(anonymous_1)","decl":{"start":{"line":2,"column":64},"end":{"line":2,"column":65}},"loc":{"start":{"line":2,"column":74},"end":{"line":48,"column":5}}}},"branchMap":{"0":{"loc":{"start":{"line":5,"column":8},"end":{"line":16,"column":9}},"type":"switch","locations":[{"start":{"line":6,"column":12},"end":{"line":7,"column":32}},{"start":{"line":9,"column":12},"end":{"line":13,"column":22}},{"start":{"line":14,"column":12},"end":{"line":15,"column":39}}]},"1":{"loc":{"start":{"line":10,"column":16},"end":{"line":12,"column":17}},"type":"if","locations":[{"start":{"line":10,"column":16},"end":{"line":12,"column":17}}]},"2":{"loc":{"start":{"line":18,"column":8},"end":{"line":20,"column":9}},"type":"if","locations":[{"start":{"line":18,"column":8},"end":{"line":20,"column":9}}]},"3":{"loc":{"start":{"line":23,"column":8},"end":{"line":40,"column":9}},"type":"switch","locations":[{"start":{"line":24,"column":12},"end":{"line":24,"column":26}},{"start":{"line":25,"column":12},"end":{"line":25,"column":27}},{"start":{"line":26,"column":12},"end":{"line":26,"column":26}},{"start":{"line":27,"column":12},"end":{"line":27,"column":26}},{"start":{"line":28,"column":12},"end":{"line":29,"column":22}},{"start":{"line":30,"column":12},"end":{"line":31,"column":36}},{"start":{"line":32,"column":12},"end":{"line":36,"column":22}},{"start":{"line":37,"column":12},"end":{"line":37,"column":29}},{"start":{"line":38,"column":12},"end":{"line":39,"column":35}}]},"4":{"loc":{"start":{"line":33,"column":16},"end":{"line":35,"column":17}},"type":"if","locations":[{"start":{"line":33,"column":16},"end":{"line":35,"column":17}}]},"5":{"loc":{"start":{"line":42,"column":8},"end":{"line":47,"column":9}},"type":"switch","locations":[{"start":{"line":43,"column":12},"end":{"line":44,"column":43}},{"start":{"line":45,"column":12},"end":{"line":46,"column":38}}]}},"s":{"0":2,"1":3,"2":3,"3":3,"4":0,"5":0,"6":0,"7":0,"8":3,"9":3,"10":0,"11":3,"12":3,"13":0,"14":0,"15":0,"16":0,"17":0,"18":3,"19":0,"20":0,"21":0},"f":{"0":2,"1":3},"b":{"0":[0,0,3],"1":[0],"2":[0],"3":[0,0,0,0,0,0,0,3,3],"4":[0],"5":[0,0]}}
,"/home/lucaslacroix/devel/auto-wireit/packages/auto-wireit/src/util/hash.ts": {"path":"/home/lucaslacroix/devel/auto-wireit/packages/auto-wireit/src/util/hash.ts","statementMap":{"0":{"start":{"line":4,"column":14},"end":{"line":4,"column":34}},"1":{"start":{"line":5,"column":4},"end":{"line":5,"column":20}},"2":{"start":{"line":6,"column":4},"end":{"line":6,"column":30}}},"fnMap":{"0":{"name":"hash","decl":{"start":{"line":3,"column":16},"end":{"line":3,"column":20}},"loc":{"start":{"line":3,"column":34},"end":{"line":7,"column":1}}}},"branchMap":{},"s":{"0":0,"1":0,"2":0},"f":{"0":0},"b":{}}
,"/home/lucaslacroix/devel/auto-wireit/packages/auto-wireit/src/util/indent.ts": {"path":"/home/lucaslacroix/devel/auto-wireit/packages/auto-wireit/src/util/indent.ts","statementMap":{"0":{"start":{"line":2,"column":4},"end":{"line":7,"column":5}},"1":{"start":{"line":4,"column":12},"end":{"line":4,"column":39}},"2":{"start":{"line":6,"column":12},"end":{"line":6,"column":38}}},"fnMap":{"0":{"name":"indent","decl":{"start":{"line":1,"column":16},"end":{"line":1,"column":22}},"loc":{"start":{"line":1,"column":60},"end":{"line":8,"column":1}}}},"branchMap":{"0":{"loc":{"start":{"line":2,"column":4},"end":{"line":7,"column":5}},"type":"switch","locations":[{"start":{"line":3,"column":8},"end":{"line":4,"column":39}},{"start":{"line":5,"column":8},"end":{"line":6,"column":38}}]}},"s":{"0":0,"1":0,"2":0},"f":{"0":0},"b":{"0":[0,0]}}
}
